# JRE version: OpenJDK Runtime Environment Zulu11.48+21-CA (11.0.11+9) (build 11.0.11+9-LTS)
# Java VM: OpenJDK 64-Bit Server VM Zulu11.48+21-CA (11.0.11+9-LTS, mixed mode, tiered, compressed oops, g1 gc, windows-amd64)
Heap:
 garbage-first heap   total 129024K, used 42309K [0x0000000082000000, 0x0000000100000000)
  region size 1024K, 31 young (31744K), 7 survivors (7168K)
 Metaspace       used 54515K, capacity 55677K, committed 55680K, reserved 1097728K
  class space    used 6818K, capacity 7293K, committed 7296K, reserved 1048576K
GC Heap History (16 events):
Event: 3.752 GC heap before
{Heap before GC invocations=0 (full 0):
 garbage-first heap   total 129024K, used 14336K [0x0000000082000000, 0x0000000100000000)
  region size 1024K, 14 young (14336K), 0 survivors (0K)
 Metaspace       used 9171K, capacity 9227K, committed 9344K, reserved 1058816K
  class space    used 816K, capacity 841K, committed 896K, reserved 1048576K
}
Event: 3.772 GC heap after
{Heap after GC invocations=1 (full 0):
 garbage-first heap   total 129024K, used 5687K [0x0000000082000000, 0x0000000100000000)
  region size 1024K, 2 young (2048K), 2 survivors (2048K)
 Metaspace       used 9171K, capacity 9227K, committed 9344K, reserved 1058816K
  class space    used 816K, capacity 841K, committed 896K, reserved 1048576K
}
Event: 5.902 GC heap before
{Heap before GC invocations=1 (full 0):
 garbage-first heap   total 129024K, used 52791K [0x0000000082000000, 0x0000000100000000)
  region size 1024K, 48 young (49152K), 2 survivors (2048K)
 Metaspace       used 19757K, capacity 20208K, committed 20352K, reserved 1067008K
  class space    used 2136K, capacity 2344K, committed 2432K, reserved 1048576K
}
Event: 5.934 GC heap after
{Heap after GC invocations=2 (full 0):
 garbage-first heap   total 129024K, used 8060K [0x0000000082000000, 0x0000000100000000)
  region size 1024K, 5 young (5120K), 5 survivors (5120K)
 Metaspace       used 19757K, capacity 20208K, committed 20352K, reserved 1067008K
  class space    used 2136K, capacity 2344K, committed 2432K, reserved 1048576K
}
Event: 6.012 GC heap before
{Heap before GC invocations=2 (full 0):
 garbage-first heap   total 129024K, used 13180K [0x0000000082000000, 0x0000000100000000)
  region size 1024K, 11 young (11264K), 5 survivors (5120K)
 Metaspace       used 20611K, capacity 21095K, committed 21248K, reserved 1069056K
  class space    used 2240K, capacity 2448K, committed 2560K, reserved 1048576K
}
Event: 6.018 GC heap after
{Heap after GC invocations=3 (full 0):
 garbage-first heap   total 129024K, used 8347K [0x0000000082000000, 0x0000000100000000)
  region size 1024K, 3 young (3072K), 3 survivors (3072K)
 Metaspace       used 20611K, capacity 21095K, committed 21248K, reserved 1069056K
  class space    used 2240K, capacity 2448K, committed 2560K, reserved 1048576K
}
Event: 6.508 GC heap before
{Heap before GC invocations=4 (full 0):
 garbage-first heap   total 129024K, used 60571K [0x0000000082000000, 0x0000000100000000)
  region size 1024K, 55 young (56320K), 3 survivors (3072K)
 Metaspace       used 24188K, capacity 24772K, committed 24960K, reserved 1071104K
  class space    used 2683K, capacity 2927K, committed 2944K, reserved 1048576K
}
Event: 6.513 GC heap after
{Heap after GC invocations=5 (full 0):
 garbage-first heap   total 129024K, used 9149K [0x0000000082000000, 0x0000000100000000)
  region size 1024K, 4 young (4096K), 4 survivors (4096K)
 Metaspace       used 24188K, capacity 24772K, committed 24960K, reserved 1071104K
  class space    used 2683K, capacity 2927K, committed 2944K, reserved 1048576K
}
Event: 8.768 GC heap before
{Heap before GC invocations=5 (full 0):
 garbage-first heap   total 129024K, used 72637K [0x0000000082000000, 0x0000000100000000)
  region size 1024K, 67 young (68608K), 4 survivors (4096K)
 Metaspace       used 30607K, capacity 31432K, committed 31616K, reserved 1077248K
  class space    used 3483K, capacity 3844K, committed 3968K, reserved 1048576K
}
Event: 8.777 GC heap after
{Heap after GC invocations=6 (full 0):
 garbage-first heap   total 129024K, used 12022K [0x0000000082000000, 0x0000000100000000)
  region size 1024K, 7 young (7168K), 7 survivors (7168K)
 Metaspace       used 30607K, capacity 31432K, committed 31616K, reserved 1077248K
  class space    used 3483K, capacity 3844K, committed 3968K, reserved 1048576K
}
Event: 10.644 GC heap before
{Heap before GC invocations=6 (full 0):
 garbage-first heap   total 129024K, used 32502K [0x0000000082000000, 0x0000000100000000)
  region size 1024K, 28 young (28672K), 7 survivors (7168K)
 Metaspace       used 34755K, capacity 35763K, committed 35840K, reserved 1081344K
  class space    used 4001K, capacity 4412K, committed 4480K, reserved 1048576K
}
Event: 10.656 GC heap after
{Heap after GC invocations=7 (full 0):
 garbage-first heap   total 129024K, used 13980K [0x0000000082000000, 0x0000000100000000)
  region size 1024K, 6 young (6144K), 6 survivors (6144K)
 Metaspace       used 34755K, capacity 35763K, committed 35840K, reserved 1081344K
  class space    used 4001K, capacity 4412K, committed 4480K, reserved 1048576K
}
Event: 11.823 GC heap before
{Heap before GC invocations=8 (full 0):
 garbage-first heap   total 129024K, used 83612K [0x0000000082000000, 0x0000000100000000)
  region size 1024K, 75 young (76800K), 6 survivors (6144K)
 Metaspace       used 39078K, capacity 40146K, committed 40448K, reserved 1085440K
  class space    used 4570K, capacity 5020K, committed 5120K, reserved 1048576K
}
Event: 11.830 GC heap after
{Heap after GC invocations=9 (full 0):
 garbage-first heap   total 129024K, used 15078K [0x0000000082000000, 0x0000000100000000)
  region size 1024K, 7 young (7168K), 7 survivors (7168K)
 Metaspace       used 39078K, capacity 40146K, committed 40448K, reserved 1085440K
  class space    used 4570K, capacity 5020K, committed 5120K, reserved 1048576K
}
Event: 14.576 GC heap before
{Heap before GC invocations=9 (full 0):
 garbage-first heap   total 129024K, used 83686K [0x0000000082000000, 0x0000000100000000)
  region size 1024K, 75 young (76800K), 7 survivors (7168K)
 Metaspace       used 51178K, capacity 52373K, committed 52736K, reserved 1095680K
  class space    used 6320K, capacity 6791K, committed 6912K, reserved 1048576K
}
Event: 14.584 GC heap after
{Heap after GC invocations=10 (full 0):
 garbage-first heap   total 129024K, used 18757K [0x0000000082000000, 0x0000000100000000)
  region size 1024K, 7 young (7168K), 7 survivors (7168K)
 Metaspace       used 51178K, capacity 52373K, committed 52736K, reserved 1095680K
  class space    used 6320K, capacity 6791K, committed 6912K, reserved 1048576K
}

