# JRE version: OpenJDK Runtime Environment Zulu11.48+21-CA (11.0.11+9) (build 11.0.11+9-LTS)
# Java VM: OpenJDK 64-Bit Server VM Zulu11.48+21-CA (11.0.11+9-LTS, mixed mode, tiered, compressed oops, g1 gc, windows-amd64)
Heap:
 garbage-first heap   total 208896K, used 84910K [0x0000000082000000, 0x0000000100000000)
  region size 1024K, 79 young (80896K), 13 survivors (13312K)
 Metaspace       used 58283K, capacity 59673K, committed 59776K, reserved 1101824K
  class space    used 7406K, capacity 7977K, committed 8064K, reserved 1048576K
GC Heap History (14 events):
Event: 0.607 GC heap before
{Heap before GC invocations=0 (full 0):
 garbage-first heap   total 129024K, used 15360K [0x0000000082000000, 0x0000000100000000)
  region size 1024K, 14 young (14336K), 0 survivors (0K)
 Metaspace       used 9891K, capacity 10007K, committed 10240K, reserved 1058816K
  class space    used 905K, capacity 957K, committed 1024K, reserved 1048576K
}
Event: 0.639 GC heap after
{Heap after GC invocations=1 (full 0):
 garbage-first heap   total 129024K, used 5729K [0x0000000082000000, 0x0000000100000000)
  region size 1024K, 2 young (2048K), 2 survivors (2048K)
 Metaspace       used 9891K, capacity 10007K, committed 10240K, reserved 1058816K
  class space    used 905K, capacity 957K, committed 1024K, reserved 1048576K
}
Event: 1.615 GC heap before
{Heap before GC invocations=1 (full 0):
 garbage-first heap   total 129024K, used 32353K [0x0000000082000000, 0x0000000100000000)
  region size 1024K, 28 young (28672K), 2 survivors (2048K)
 Metaspace       used 17487K, capacity 17875K, committed 17920K, reserved 1064960K
  class space    used 1876K, capacity 2039K, committed 2048K, reserved 1048576K
}
Event: 1.671 GC heap after
{Heap after GC invocations=2 (full 0):
 garbage-first heap   total 129024K, used 7777K [0x0000000082000000, 0x0000000100000000)
  region size 1024K, 4 young (4096K), 4 survivors (4096K)
 Metaspace       used 17487K, capacity 17875K, committed 17920K, reserved 1064960K
  class space    used 1876K, capacity 2039K, committed 2048K, reserved 1048576K
}
Event: 1.996 GC heap before
{Heap before GC invocations=2 (full 0):
 garbage-first heap   total 129024K, used 21089K [0x0000000082000000, 0x0000000100000000)
  region size 1024K, 19 young (19456K), 4 survivors (4096K)
 Metaspace       used 20625K, capacity 21084K, committed 21248K, reserved 1069056K
  class space    used 2249K, capacity 2451K, committed 2560K, reserved 1048576K
}
Event: 2.002 GC heap after
{Heap after GC invocations=3 (full 0):
 garbage-first heap   total 129024K, used 8450K [0x0000000082000000, 0x0000000100000000)
  region size 1024K, 3 young (3072K), 3 survivors (3072K)
 Metaspace       used 20625K, capacity 21084K, committed 21248K, reserved 1069056K
  class space    used 2249K, capacity 2451K, committed 2560K, reserved 1048576K
}
Event: 2.411 GC heap before
{Heap before GC invocations=4 (full 0):
 garbage-first heap   total 129024K, used 41218K [0x0000000082000000, 0x0000000100000000)
  region size 1024K, 36 young (36864K), 3 survivors (3072K)
 Metaspace       used 24378K, capacity 24886K, committed 24960K, reserved 1071104K
  class space    used 2715K, capacity 2930K, committed 2944K, reserved 1048576K
}
Event: 2.415 GC heap after
{Heap after GC invocations=5 (full 0):
 garbage-first heap   total 129024K, used 9309K [0x0000000082000000, 0x0000000100000000)
  region size 1024K, 4 young (4096K), 4 survivors (4096K)
 Metaspace       used 24378K, capacity 24886K, committed 24960K, reserved 1071104K
  class space    used 2715K, capacity 2930K, committed 2944K, reserved 1048576K
}
Event: 3.441 GC heap before
{Heap before GC invocations=5 (full 0):
 garbage-first heap   total 129024K, used 58461K [0x0000000082000000, 0x0000000100000000)
  region size 1024K, 53 young (54272K), 4 survivors (4096K)
 Metaspace       used 26918K, capacity 27559K, committed 27648K, reserved 1073152K
  class space    used 3001K, capacity 3283K, committed 3328K, reserved 1048576K
}
Event: 3.447 GC heap after
{Heap after GC invocations=6 (full 0):
 garbage-first heap   total 129024K, used 10664K [0x0000000082000000, 0x0000000100000000)
  region size 1024K, 5 young (5120K), 5 survivors (5120K)
 Metaspace       used 26918K, capacity 27559K, committed 27648K, reserved 1073152K
  class space    used 3001K, capacity 3283K, committed 3328K, reserved 1048576K
}
Event: 7.606 GC heap before
{Heap before GC invocations=6 (full 0):
 garbage-first heap   total 129024K, used 55720K [0x0000000082000000, 0x0000000100000000)
  region size 1024K, 50 young (51200K), 5 survivors (5120K)
 Metaspace       used 34701K, capacity 35727K, committed 35840K, reserved 1081344K
  class space    used 4020K, capacity 4416K, committed 4480K, reserved 1048576K
}
Event: 7.621 GC heap after
{Heap after GC invocations=7 (full 0):
 garbage-first heap   total 208896K, used 13713K [0x0000000082000000, 0x0000000100000000)
  region size 1024K, 8 young (8192K), 8 survivors (8192K)
 Metaspace       used 34701K, capacity 35727K, committed 35840K, reserved 1081344K
  class space    used 4020K, capacity 4416K, committed 4480K, reserved 1048576K
}
Event: 11.336 GC heap before
{Heap before GC invocations=8 (full 0):
 garbage-first heap   total 208896K, used 128401K [0x0000000082000000, 0x0000000100000000)
  region size 1024K, 121 young (123904K), 8 survivors (8192K)
 Metaspace       used 48151K, capacity 49300K, committed 49536K, reserved 1091584K
  class space    used 5946K, capacity 6401K, committed 6528K, reserved 1048576K
}
Event: 11.347 GC heap after
{Heap after GC invocations=9 (full 0):
 garbage-first heap   total 208896K, used 18350K [0x0000000082000000, 0x0000000100000000)
  region size 1024K, 13 young (13312K), 13 survivors (13312K)
 Metaspace       used 48151K, capacity 49300K, committed 49536K, reserved 1091584K
  class space    used 5946K, capacity 6401K, committed 6528K, reserved 1048576K
}

