# JRE version: OpenJDK Runtime Environment Zulu15.32+15-CA (15.0.3+3) (build 15.0.3+3)
# Java VM: OpenJDK 64-Bit Server VM Zulu15.32+15-CA (15.0.3+3, mixed mode, sharing, tiered, compressed oops, g1 gc, windows-amd64)
GC Precious Log:
 CPUs: 4 total, 4 available
 Memory: 8063M
 Large Page Support: Disabled
 NUMA Support: Disabled
 Compressed Oops: Enabled (32-bit)
 Heap Region Size: 1M
 Heap Min Capacity: 8M
 Heap Initial Capacity: 126M
 Heap Max Capacity: 2016M
 Pre-touch: Disabled
 Parallel Workers: 4
 Concurrent Workers: 1
 Concurrent Refinement Workers: 4
 Periodic GC: Disabled
Heap:
 garbage-first heap   total 65536K, used 25512K [0x0000000082000000, 0x0000000100000000)
  region size 1024K, 9 young (9216K), 5 survivors (5120K)
 Metaspace       used 50100K, capacity 50530K, committed 50736K, reserved 1093632K
  class space    used 6560K, capacity 6692K, committed 6784K, reserved 1048576K
GC Heap History (20 events):
Event: 12.002 GC heap before
{Heap before GC invocations=6 (full 0):
 garbage-first heap   total 45056K, used 12529K [0x0000000082000000, 0x0000000100000000)
  region size 1024K, 7 young (7168K), 6 survivors (6144K)
 Metaspace       used 21055K, capacity 21428K, committed 21552K, reserved 1069056K
  class space    used 2539K, capacity 2646K, committed 2688K, reserved 1048576K
}
Event: 12.010 GC heap after
{Heap after GC invocations=7 (full 0):
 garbage-first heap   total 45056K, used 12103K [0x0000000082000000, 0x0000000100000000)
  region size 1024K, 1 young (1024K), 1 survivors (1024K)
 Metaspace       used 21055K, capacity 21428K, committed 21552K, reserved 1069056K
  class space    used 2539K, capacity 2646K, committed 2688K, reserved 1048576K
}
Event: 12.104 GC heap before
{Heap before GC invocations=7 (full 0):
 garbage-first heap   total 45056K, used 13127K [0x0000000082000000, 0x0000000100000000)
  region size 1024K, 2 young (2048K), 1 survivors (1024K)
 Metaspace       used 21161K, capacity 21498K, committed 21808K, reserved 1069056K
  class space    used 2558K, capacity 2647K, committed 2688K, reserved 1048576K
}
Event: 12.105 GC heap after
{Heap after GC invocations=8 (full 0):
 garbage-first heap   total 45056K, used 11579K [0x0000000082000000, 0x0000000100000000)
  region size 1024K, 1 young (1024K), 1 survivors (1024K)
 Metaspace       used 21161K, capacity 21498K, committed 21808K, reserved 1069056K
  class space    used 2558K, capacity 2647K, committed 2688K, reserved 1048576K
}
Event: 13.084 GC heap before
{Heap before GC invocations=8 (full 0):
 garbage-first heap   total 45056K, used 31035K [0x0000000082000000, 0x0000000100000000)
  region size 1024K, 20 young (20480K), 1 survivors (1024K)
 Metaspace       used 25645K, capacity 25996K, committed 26288K, reserved 1073152K
  class space    used 3133K, capacity 3243K, committed 3328K, reserved 1048576K
}
Event: 13.090 GC heap after
{Heap after GC invocations=9 (full 0):
 garbage-first heap   total 45056K, used 13799K [0x0000000082000000, 0x0000000100000000)
  region size 1024K, 3 young (3072K), 3 survivors (3072K)
 Metaspace       used 25645K, capacity 25996K, committed 26288K, reserved 1073152K
  class space    used 3133K, capacity 3243K, committed 3328K, reserved 1048576K
}
Event: 13.231 GC heap before
{Heap before GC invocations=9 (full 0):
 garbage-first heap   total 45056K, used 30183K [0x0000000082000000, 0x0000000100000000)
  region size 1024K, 20 young (20480K), 3 survivors (3072K)
 Metaspace       used 25991K, capacity 26348K, committed 26544K, reserved 1073152K
  class space    used 3162K, capacity 3275K, committed 3328K, reserved 1048576K
}
Event: 13.236 GC heap after
{Heap after GC invocations=10 (full 0):
 garbage-first heap   total 45056K, used 14156K [0x0000000082000000, 0x0000000100000000)
  region size 1024K, 1 young (1024K), 1 survivors (1024K)
 Metaspace       used 25991K, capacity 26348K, committed 26544K, reserved 1073152K
  class space    used 3162K, capacity 3275K, committed 3328K, reserved 1048576K
}
Event: 13.241 GC heap before
{Heap before GC invocations=10 (full 0):
 garbage-first heap   total 45056K, used 31564K [0x0000000082000000, 0x0000000100000000)
  region size 1024K, 19 young (19456K), 1 survivors (1024K)
 Metaspace       used 25991K, capacity 26348K, committed 26544K, reserved 1073152K
  class space    used 3162K, capacity 3275K, committed 3328K, reserved 1048576K
}
Event: 13.242 GC heap after
{Heap after GC invocations=11 (full 0):
 garbage-first heap   total 45056K, used 14043K [0x0000000082000000, 0x0000000100000000)
  region size 1024K, 1 young (1024K), 1 survivors (1024K)
 Metaspace       used 25991K, capacity 26348K, committed 26544K, reserved 1073152K
  class space    used 3162K, capacity 3275K, committed 3328K, reserved 1048576K
}
Event: 13.577 GC heap before
{Heap before GC invocations=11 (full 0):
 garbage-first heap   total 45056K, used 32475K [0x0000000082000000, 0x0000000100000000)
  region size 1024K, 20 young (20480K), 1 survivors (1024K)
 Metaspace       used 28174K, capacity 28532K, committed 28720K, reserved 1075200K
  class space    used 3476K, capacity 3599K, committed 3712K, reserved 1048576K
}
Event: 13.579 GC heap after
{Heap after GC invocations=12 (full 0):
 garbage-first heap   total 45056K, used 14715K [0x0000000082000000, 0x0000000100000000)
  region size 1024K, 1 young (1024K), 1 survivors (1024K)
 Metaspace       used 28174K, capacity 28532K, committed 28720K, reserved 1075200K
  class space    used 3476K, capacity 3599K, committed 3712K, reserved 1048576K
}
Event: 14.440 GC heap before
{Heap before GC invocations=12 (full 0):
 garbage-first heap   total 45056K, used 35195K [0x0000000082000000, 0x0000000100000000)
  region size 1024K, 21 young (21504K), 1 survivors (1024K)
 Metaspace       used 33936K, capacity 34345K, committed 34608K, reserved 1079296K
  class space    used 4336K, capacity 4467K, committed 4480K, reserved 1048576K
}
Event: 14.444 GC heap after
{Heap after GC invocations=13 (full 0):
 garbage-first heap   total 69632K, used 16010K [0x0000000082000000, 0x0000000100000000)
  region size 1024K, 3 young (3072K), 3 survivors (3072K)
 Metaspace       used 33936K, capacity 34345K, committed 34608K, reserved 1079296K
  class space    used 4336K, capacity 4467K, committed 4480K, reserved 1048576K
}
Event: 14.766 GC heap before
{Heap before GC invocations=13 (full 0):
 garbage-first heap   total 69632K, used 20106K [0x0000000082000000, 0x0000000100000000)
  region size 1024K, 8 young (8192K), 3 survivors (3072K)
 Metaspace       used 35349K, capacity 35744K, committed 35888K, reserved 1081344K
  class space    used 4481K, capacity 4634K, committed 4736K, reserved 1048576K
}
Event: 14.770 GC heap after
{Heap after GC invocations=14 (full 0):
 garbage-first heap   total 69632K, used 17089K [0x0000000082000000, 0x0000000100000000)
  region size 1024K, 4 young (4096K), 4 survivors (4096K)
 Metaspace       used 35349K, capacity 35744K, committed 35888K, reserved 1081344K
  class space    used 4481K, capacity 4634K, committed 4736K, reserved 1048576K
}
Event: 16.069 GC heap before
{Heap before GC invocations=15 (full 0):
 garbage-first heap   total 65536K, used 51905K [0x0000000082000000, 0x0000000100000000)
  region size 1024K, 38 young (38912K), 4 survivors (4096K)
 Metaspace       used 44439K, capacity 44848K, committed 45104K, reserved 1089536K
  class space    used 5833K, capacity 5959K, committed 6016K, reserved 1048576K
}
Event: 16.078 GC heap after
{Heap after GC invocations=16 (full 0):
 garbage-first heap   total 65536K, used 19569K [0x0000000082000000, 0x0000000100000000)
  region size 1024K, 5 young (5120K), 5 survivors (5120K)
 Metaspace       used 44439K, capacity 44848K, committed 45104K, reserved 1089536K
  class space    used 5833K, capacity 5959K, committed 6016K, reserved 1048576K
}
Event: 18.489 GC heap before
{Heap before GC invocations=16 (full 0):
 garbage-first heap   total 65536K, used 51313K [0x0000000082000000, 0x0000000100000000)
  region size 1024K, 36 young (36864K), 5 survivors (5120K)
 Metaspace       used 49531K, capacity 49976K, committed 50096K, reserved 1093632K
  class space    used 6487K, capacity 6617K, committed 6656K, reserved 1048576K
}
Event: 18.496 GC heap after
{Heap after GC invocations=17 (full 0):
 garbage-first heap   total 65536K, used 22440K [0x0000000082000000, 0x0000000100000000)
  region size 1024K, 5 young (5120K), 5 survivors (5120K)
 Metaspace       used 49531K, capacity 49976K, committed 50096K, reserved 1093632K
  class space    used 6487K, capacity 6617K, committed 6656K, reserved 1048576K
}

